INFO:root:Первый путь:
INFO:root:https://en.wikipedia.org/wiki/Sh%C5%8Dtar%C5%8D_Yasuoka
INFO:root:https://en.wikipedia.org/wiki/K%C5%8Dchi,_K%C5%8Dchi
INFO:root:https://en.wikipedia.org/wiki/Help:IPA/Japanese
INFO:root:https://en.wikipedia.org/wiki/International_Phonetic_Alphabet
INFO:root:https://en.wikipedia.org/wiki/Alphabet
INFO:root:https://en.wikipedia.org/wiki/Letter_(alphabet)
INFO:root:https://en.wikipedia.org/wiki/Symbol
INFO:root:https://en.wikipedia.org/wiki/Idea
INFO:root:https://en.wikipedia.org/wiki/Gene
INFO:root:https://en.wikipedia.org/wiki/Biocompatibility
INFO:root:
 


INFO:root:Второй путь:
INFO:root:https://en.wikipedia.org/wiki/Biocompatibility
INFO:root:https://en.wikipedia.org/wiki/Biomaterials
INFO:root:https://en.wikipedia.org/wiki/Medicine
INFO:root:https://en.wikipedia.org/wiki/Science
INFO:root:https://en.wikipedia.org/wiki/Latin
INFO:root:https://en.wikipedia.org/wiki/Help:IPA/Latin
INFO:root:https://en.wikipedia.org/wiki/International_Phonetic_Alphabet
INFO:root:https://en.wikipedia.org/wiki/Translation
INFO:root:https://en.wikipedia.org/wiki/Haruki_Murakami
INFO:root:https://en.wikipedia.org/wiki/Sh%C5%8Dtar%C5%8D_Yasuoka
INFO:root:



INFO:root:Первый путь:
INFO:root:https://en.wikipedia.org/wiki/Melianthus
INFO:root:https://en.wikipedia.org/wiki/Genus
INFO:root:https://en.wikipedia.org/wiki/Taxonomy_(biology)
INFO:root:https://en.wikipedia.org/wiki/Biology
INFO:root:https://en.wikipedia.org/wiki/Natural_science
INFO:root:https://en.wikipedia.org/wiki/Branch_of_science
INFO:root:https://en.wikipedia.org/wiki/Science
INFO:root:https://en.wikipedia.org/wiki/Latin
INFO:root:https://en.wikipedia.org/wiki/Missouri
INFO:root:https://en.wikipedia.org/wiki/Pagan_Love
INFO:root:
 


INFO:root:Второй путь:
INFO:root:https://en.wikipedia.org/wiki/Pagan_Love
INFO:root:https://en.wikipedia.org/wiki/Silent_film
INFO:root:https://en.wikipedia.org/wiki/Film
INFO:root:https://en.wikipedia.org/wiki/Visual_art
INFO:root:https://en.wikipedia.org/wiki/Art#Forms,_genres,_media,_and_styles
INFO:root:https://en.wikipedia.org/wiki/Human_behavior
INFO:root:https://en.wikipedia.org/wiki/Human
INFO:root:https://en.wikipedia.org/wiki/Extinct
INFO:root:https://en.wikipedia.org/wiki/Plant
INFO:root:https://en.wikipedia.org/wiki/Melianthus
INFO:root:



INFO:root:Первый путь:
INFO:root:https://en.wikipedia.org/wiki/Liber_Septimus
INFO:root:https://en.wikipedia.org/wiki/Sacraments_in_the_Catholic_Church
INFO:root:https://en.wikipedia.org/wiki/God_in_Catholicism
INFO:root:https://en.wikipedia.org/wiki/Abraham
INFO:root:https://en.wikipedia.org/wiki/Abrahamic_religions
INFO:root:https://en.wikipedia.org/wiki/Semitic_people
INFO:root:https://en.wikipedia.org/wiki/Historical_race_concepts
INFO:root:https://en.wikipedia.org/wiki/Anatomically_modern_human
INFO:root:https://en.wikipedia.org/wiki/Siberia
INFO:root:https://en.wikipedia.org/wiki/J%C4%81nis_Medenis
INFO:root:
 
 

INFO:root:Второй путь:
INFO:root:https://en.wikipedia.org/wiki/J%C4%81nis_Medenis
INFO:root:https://en.wikipedia.org/wiki/Anti-Soviet
INFO:root:https://en.wikipedia.org/wiki/Soviet_Union
INFO:root:https://en.wikipedia.org/wiki/Federalism
INFO:root:https://en.wikipedia.org/wiki/Government
INFO:root:https://en.wikipedia.org/wiki/State_(polity)
INFO:root:https://en.wikipedia.org/wiki/Polity
INFO:root:https://en.wikipedia.org/wiki/Identity_(social_science)
INFO:root:https://en.wikipedia.org/wiki/Sociology
INFO:root:https://en.wikipedia.org/wiki/Liber_Septimus
